<?xml version="1.0" encoding="UTF-8"?>
<beans xmlns="http://www.springframework.org/schema/beans"
   xmlns:xsi="http://www.w3.org/2001/XMLSchema-instance" xmlns:context="http://www.springframework.org/schema/context"
   xsi:schemaLocation="http://www.springframework.org/schema/beans
                        http://www.springframework.org/schema/beans/spring-beans.xsd
                        http://www.springframework.org/schema/context
                        http://www.springframework.org/schema/context/spring-context.xsd">

   <description>
      Context for the tests.

      It is prepared for Maven's variable replacement, which will set the names of the actual files to be used.
   </description>

   <!-- Properties -->
   <context:property-placeholder
      location="classpath:config/persistence-@spring.profile.database@.properties, 
                   classpath:config/persistence-access.properties,
                   classpath:config/persistence.properties,
                   classpath:config/view.properties,
                   classpath:config/service.properties,
                   classpath:config/servlet.properties" />

   <!-- Imports -->
   <import resource="classpath:context/persistence.xml" />
   <import resource="classpath:context/persistence-versioning.xml" />
   <import resource="classpath:context/view.xml" />
   <import resource="classpath:context/service.xml" />
   <import resource="classpath:context/messages.xml" />
   <import resource="classpath:context/mvc.xml" />

</beans>